<?xml version="1.0" encoding="UTF-8"?>
<!-- Generated by org.testng.reporters.JUnitXMLReporter -->
<testsuite hostname="DESKTOP-C0NTFRP" ignored="0" name="Artist Settings" tests="6" failures="0" timestamp="2020-04-11T15:09:30 EET" time="63.395" errors="0">
  <testcase name="ReachSettings" time="1.543" classname="tests.ArtistSettings"/>
  <testcase name="ViewProfile" time="3.059" classname="tests.ArtistSettings"/>
  <testcase name="SeeMyPlaylists" time="8.013" classname="tests.ArtistSettings"/>
  <testcase name="SeeMyFollowers" time="7.783" classname="tests.ArtistSettings"/>
  <testcase name="SeeMyFollowing" time="7.609" classname="tests.ArtistSettings"/>
  <testcase name="LoggingOut" time="3.576" classname="tests.ArtistSettings"/>
</testsuite> <!-- Artist Settings -->
