<?xml version="1.0" encoding="UTF-8"?>
<!-- Generated by org.testng.reporters.JUnitXMLReporter -->
<testsuite hostname="DESKTOP-C0NTFRP" ignored="0" name="Listener Settings" tests="6" failures="0" timestamp="2020-04-11T15:12:30 EET" time="69.21" errors="0">
  <testcase name="ReachSettings" time="2.64" classname="tests.ListenerSettings"/>
  <testcase name="ViewProfile" time="4.304" classname="tests.ListenerSettings"/>
  <testcase name="SeeMyPlaylists" time="8.96" classname="tests.ListenerSettings"/>
  <testcase name="SeeMyFollowers" time="7.167" classname="tests.ListenerSettings"/>
  <testcase name="SeeMyFollowing" time="9.426" classname="tests.ListenerSettings"/>
  <testcase name="LoggingOut" time="3.35" classname="tests.ListenerSettings"/>
</testsuite> <!-- Listener Settings -->
