<?xml version="1.0" encoding="UTF-8"?>
<!-- Generated by org.testng.reporters.JUnitXMLReporter -->
<testsuite hostname="DESKTOP-C0NTFRP" ignored="0" name="Album" tests="3" failures="0" timestamp="2020-03-20T21:54:23 EET" time="57.837" errors="0">
  <testcase name="ReachSearchInterface" time="9.096" classname="listenertests.ListenerSearchAlbum"/>
  <testcase name="SearchForExistingAlbum" time="5.795" classname="listenertests.ListenerSearchAlbum"/>
  <testcase name="SearchForNonExistingAlbum" time="7.092" classname="listenertests.ListenerSearchAlbum"/>
</testsuite> <!-- Album -->
