<?xml version="1.0" encoding="UTF-8"?>
<!-- Generated by org.testng.reporters.JUnitXMLReporter -->
<testsuite hostname="DESKTOP-C0NTFRP" ignored="0" name="Artist" tests="3" failures="0" timestamp="2020-03-20T21:55:25 EET" time="62.038" errors="0">
  <testcase name="ReachSearchInterface" time="8.172" classname="listenertests.ListenerSearchArtist"/>
  <testcase name="SearchForExistingArtist" time="4.758" classname="listenertests.ListenerSearchArtist"/>
  <testcase name="SearchForNonExistingArtist" time="7.386" classname="listenertests.ListenerSearchArtist"/>
</testsuite> <!-- Artist -->
