<?xml version="1.0" encoding="UTF-8"?>
<!-- Generated by org.testng.reporters.JUnitXMLReporter -->
<testsuite hostname="DESKTOP-C0NTFRP" ignored="0" name="Song" tests="3" failures="1" timestamp="2020-03-20T21:56:23 EET" time="58.01" errors="0">
  <testcase name="ReachSearchInterface" time="9.027" classname="listenertests.ListenerSearchSong"/>
  <testcase name="SearchForExistingSong" time="6.059" classname="listenertests.ListenerSearchSong"/>
  <testcase name="SearchForNonExistingSong" time="0.832" classname="listenertests.ListenerSearchSong">
    <failure type="org.openqa.selenium.WebDriverException" message="An unknown server-side error occurred while processing the command. Original error: Could not proxy command to remote server. Original error: Error: socket hang up
Build info: version: &amp;apos;3.141.59&amp;apos;, revision: &amp;apos;e82be7d358&amp;apos;, time: &amp;apos;2018-11-14T08:17:03&amp;apos;
System info: host: &amp;apos;DESKTOP-C0NTFRP&amp;apos;, ip: &amp;apos;192.168.56.1&amp;apos;, os.name: &amp;apos;Windows 10&amp;apos;, os.arch: &amp;apos;amd64&amp;apos;, os.version: &amp;apos;10.0&amp;apos;, java.version: &amp;apos;1.8.0_201&amp;apos;
Driver info: io.appium.java_client.AppiumDriver
Capabilities {app: E:\second year\SecondTerm\S..., appPackage: com.example.symphonia, databaseEnabled: false, desired: {app: E:\second year\SecondTerm\S..., deviceName: JKM-LX1, newCommandTimeout: 120, platformName: android, platformVersion: 9, udid: DEFNW18C06002995}, deviceApiLevel: 28, deviceManufacturer: HUAWEI, deviceModel: JKM-LX1, deviceName: DEFNW18C06002995, deviceScreenDensity: 480, deviceScreenSize: 1080x2340, deviceUDID: DEFNW18C06002995, javascriptEnabled: true, locationContextEnabled: false, networkConnectionEnabled: true, newCommandTimeout: 120, pixelRatio: 3, platform: LINUX, platformName: LINUX, platformVersion: 9, statBarHeight: 85, takesScreenshot: true, udid: DEFNW18C06002995, viewportRect: {height: 2052, left: 0, top: 85, width: 1080}, warnings: {}, webStorageEnabled: false}
Session ID: fa1eb5ff-0dbd-43fd-9a2b-8bced41007d8">
      <![CDATA[org.openqa.selenium.WebDriverException: An unknown server-side error occurred while processing the command. Original error: Could not proxy command to remote server. Original error: Error: socket hang up
Build info: version: '3.141.59', revision: 'e82be7d358', time: '2018-11-14T08:17:03'
System info: host: 'DESKTOP-C0NTFRP', ip: '192.168.56.1', os.name: 'Windows 10', os.arch: 'amd64', os.version: '10.0', java.version: '1.8.0_201'
Driver info: io.appium.java_client.AppiumDriver
Capabilities {app: E:\second year\SecondTerm\S..., appPackage: com.example.symphonia, databaseEnabled: false, desired: {app: E:\second year\SecondTerm\S..., deviceName: JKM-LX1, newCommandTimeout: 120, platformName: android, platformVersion: 9, udid: DEFNW18C06002995}, deviceApiLevel: 28, deviceManufacturer: HUAWEI, deviceModel: JKM-LX1, deviceName: DEFNW18C06002995, deviceScreenDensity: 480, deviceScreenSize: 1080x2340, deviceUDID: DEFNW18C06002995, javascriptEnabled: true, locationContextEnabled: false, networkConnectionEnabled: true, newCommandTimeout: 120, pixelRatio: 3, platform: LINUX, platformName: LINUX, platformVersion: 9, statBarHeight: 85, takesScreenshot: true, udid: DEFNW18C06002995, viewportRect: {height: 2052, left: 0, top: 85, width: 1080}, warnings: {}, webStorageEnabled: false}
Session ID: fa1eb5ff-0dbd-43fd-9a2b-8bced41007d8
at org.openqa.selenium.remote.http.W3CHttpResponseCodec.createException(W3CHttpResponseCodec.java:187)
at org.openqa.selenium.remote.http.W3CHttpResponseCodec.decode(W3CHttpResponseCodec.java:122)
at org.openqa.selenium.remote.http.W3CHttpResponseCodec.decode(W3CHttpResponseCodec.java:49)
at org.openqa.selenium.remote.HttpCommandExecutor.execute(HttpCommandExecutor.java:158)
at io.appium.java_client.remote.AppiumCommandExecutor.execute(AppiumCommandExecutor.java:239)
at org.openqa.selenium.remote.RemoteWebDriver.execute(RemoteWebDriver.java:552)
at io.appium.java_client.DefaultGenericMobileDriver.execute(DefaultGenericMobileDriver.java:42)
at io.appium.java_client.AppiumDriver.execute(AppiumDriver.java:1)
at org.openqa.selenium.remote.RemoteWebElement.execute(RemoteWebElement.java:285)
at io.appium.java_client.DefaultGenericMobileElement.execute(DefaultGenericMobileElement.java:45)
at io.appium.java_client.MobileElement.execute(MobileElement.java:1)
at io.appium.java_client.android.AndroidElement.execute(AndroidElement.java:1)
at org.openqa.selenium.remote.RemoteWebElement.click(RemoteWebElement.java:84)
at listenertests.ListenerSearchSong.SearchForNonExistingSong(ListenerSearchSong.java:84)
at java.util.ArrayList.forEach(Unknown Source)
... Removed 32 stack frames]]>
    </failure>
  </testcase> <!-- SearchForNonExistingSong -->
</testsuite> <!-- Song -->
