<?xml version="1.0" encoding="UTF-8"?>
<!-- Generated by org.testng.reporters.JUnitXMLReporter -->
<testsuite hostname="DESKTOP-C0NTFRP" ignored="0" name="Interface" tests="1" failures="1" timestamp="2020-04-09T13:39:09 EET" time="42.026" errors="0">
  <testcase name="ReachSearchInterface" time="0.251" classname="tests.ListenerReachSearchInterface">
    <failure type="org.openqa.selenium.NoSuchElementException" message="An element could not be located on the page using the given search parameters.
For documentation on this error, please visit: https://www.seleniumhq.org/exceptions/no_such_element.html
Build info: version: &amp;apos;3.141.59&amp;apos;, revision: &amp;apos;e82be7d358&amp;apos;, time: &amp;apos;2018-11-14T08:17:03&amp;apos;
System info: host: &amp;apos;DESKTOP-C0NTFRP&amp;apos;, ip: &amp;apos;192.168.56.1&amp;apos;, os.name: &amp;apos;Windows 10&amp;apos;, os.arch: &amp;apos;amd64&amp;apos;, os.version: &amp;apos;10.0&amp;apos;, java.version: &amp;apos;1.8.0_201&amp;apos;
Driver info: io.appium.java_client.android.AndroidDriver
Capabilities {app: E:\Symphonia.apk, appPackage: com.example.symphonia, databaseEnabled: false, desired: {app: E:\Symphonia.apk, deviceName: JKM-LX1, newCommandTimeout: 120, platformName: android, platformVersion: 9, udid: DEFNW18C06002995}, deviceApiLevel: 28, deviceManufacturer: HUAWEI, deviceModel: JKM-LX1, deviceName: DEFNW18C06002995, deviceScreenDensity: 480, deviceScreenSize: 1080x2340, deviceUDID: DEFNW18C06002995, javascriptEnabled: true, locationContextEnabled: false, networkConnectionEnabled: true, newCommandTimeout: 120, pixelRatio: 3, platform: LINUX, platformName: ANDROID, platformVersion: 9, statBarHeight: 85, takesScreenshot: true, udid: DEFNW18C06002995, viewportRect: {height: 2052, left: 0, top: 85, width: 1080}, warnings: {}, webStorageEnabled: false}
Session ID: 358b0ac7-c789-42c7-8651-3a35e577bbb1
*** Element info: {Using=accessibility id, value=Search}">
      <![CDATA[org.openqa.selenium.NoSuchElementException: An element could not be located on the page using the given search parameters.
For documentation on this error, please visit: https://www.seleniumhq.org/exceptions/no_such_element.html
Build info: version: '3.141.59', revision: 'e82be7d358', time: '2018-11-14T08:17:03'
System info: host: 'DESKTOP-C0NTFRP', ip: '192.168.56.1', os.name: 'Windows 10', os.arch: 'amd64', os.version: '10.0', java.version: '1.8.0_201'
Driver info: io.appium.java_client.android.AndroidDriver
Capabilities {app: E:\Symphonia.apk, appPackage: com.example.symphonia, databaseEnabled: false, desired: {app: E:\Symphonia.apk, deviceName: JKM-LX1, newCommandTimeout: 120, platformName: android, platformVersion: 9, udid: DEFNW18C06002995}, deviceApiLevel: 28, deviceManufacturer: HUAWEI, deviceModel: JKM-LX1, deviceName: DEFNW18C06002995, deviceScreenDensity: 480, deviceScreenSize: 1080x2340, deviceUDID: DEFNW18C06002995, javascriptEnabled: true, locationContextEnabled: false, networkConnectionEnabled: true, newCommandTimeout: 120, pixelRatio: 3, platform: LINUX, platformName: ANDROID, platformVersion: 9, statBarHeight: 85, takesScreenshot: true, udid: DEFNW18C06002995, viewportRect: {height: 2052, left: 0, top: 85, width: 1080}, warnings: {}, webStorageEnabled: false}
Session ID: 358b0ac7-c789-42c7-8651-3a35e577bbb1
*** Element info: {Using=accessibility id, value=Search}
at org.openqa.selenium.remote.http.W3CHttpResponseCodec.createException(W3CHttpResponseCodec.java:187)
at org.openqa.selenium.remote.http.W3CHttpResponseCodec.decode(W3CHttpResponseCodec.java:122)
at org.openqa.selenium.remote.http.W3CHttpResponseCodec.decode(W3CHttpResponseCodec.java:49)
at org.openqa.selenium.remote.HttpCommandExecutor.execute(HttpCommandExecutor.java:158)
at io.appium.java_client.remote.AppiumCommandExecutor.execute(AppiumCommandExecutor.java:239)
at org.openqa.selenium.remote.RemoteWebDriver.execute(RemoteWebDriver.java:552)
at io.appium.java_client.DefaultGenericMobileDriver.execute(DefaultGenericMobileDriver.java:41)
at io.appium.java_client.AppiumDriver.execute(AppiumDriver.java:1)
at io.appium.java_client.android.AndroidDriver.execute(AndroidDriver.java:1)
at org.openqa.selenium.remote.RemoteWebDriver.findElement(RemoteWebDriver.java:323)
at io.appium.java_client.DefaultGenericMobileDriver.findElement(DefaultGenericMobileDriver.java:61)
at io.appium.java_client.AppiumDriver.findElement(AppiumDriver.java:1)
at io.appium.java_client.android.AndroidDriver.findElement(AndroidDriver.java:1)
at io.appium.java_client.FindsByAccessibilityId.findElementByAccessibilityId(FindsByAccessibilityId.java:37)
at tests.FrequentlyUsedFuncs.reachsearchinterface(FrequentlyUsedFuncs.java:13)
at tests.ListenerReachSearchInterface.ReachSearchInterface(ListenerReachSearchInterface.java:14)
at java.util.ArrayList.forEach(Unknown Source)
... Removed 32 stack frames]]>
    </failure>
  </testcase> <!-- ReachSearchInterface -->
</testsuite> <!-- Interface -->
