{
  "stats": {
    "suites": 11,
    "tests": 32,
    "passes": 29,
    "pending": 0,
    "failures": 3,
    "start": "2020-06-11T19:28:32.001Z",
    "end": "2020-06-11T19:28:32.001Z",
    "duration": 973900,
    "testsRegistered": 32,
    "passPercent": 90.625,
    "pendingPercent": 0,
    "other": 0,
    "hasOther": false,
    "skipped": 0,
    "hasSkipped": false
  },
  "results": [
    {
      "uuid": "b879a75f-ed79-4a19-9dc8-7ccaf8d3cc6d",
      "title": "",
      "fullFile": "cypress\\integration\\examples\\symph\\Add_songArtist.spec.js",
      "file": "cypress\\integration\\examples\\symph\\Add_songArtist.spec.js",
      "beforeHooks": [],
      "afterHooks": [],
      "tests": [],
      "suites": [
        {
          "uuid": "8dce0d7e-b4bf-4798-b787-705bd42b606a",
          "title": "Add/Remove song to an album",
          "fullFile": "",
          "file": "",
          "beforeHooks": [],
          "afterHooks": [],
          "tests": [
            {
              "title": "Add song to album",
              "fullTitle": "Add/Remove song to an album Add song to album",
              "timedOut": null,
              "duration": 54074,
              "state": "passed",
              "speed": "slow",
              "pass": true,
              "fail": false,
              "pending": false,
              "context": null,
              "code": "cy.contains(' Go to Symphonia Artist ').click({\n  force: true\n});\ncy.contains('Albums').click({\n  force: true\n});\ncy.wait(1000);\ncy.contains('The Slow Rush').click({\n  force: true\n});\ncy.wait(1000);\ncy.get('i[class=\"v-icon notranslate mdi mdi-plus theme--dark\"]').click();\ncy.wait(1500);\ncy.contains('Song Title').click({\n  force: true\n});\ncy.get('input[type=\"text\"]').clear().wait(1500).type('Sonng');\nvar song = 'int.mp3';\ncy.get('input[type=\"file\"]').attachFile(song);\ncy.get('input[value=\"5e8072e5e478cf39b47bd1ef\"]').check({\n  force: true\n});\ncy.wait(1000);\ncy.get('button[class=\"v-btn v-btn--flat v-btn--text theme--dark v-size--default success--text text--darken-1\"]').click({\n  force: true\n}); // submit button\ncy.wait(20000);\ncy.contains('The Slow Rush').click({\n  force: true\n});\ncy.wait(1000);\ncy.contains('Sonng');",
              "err": {},
              "uuid": "6a9083b1-0cd9-4ee5-8fb8-179e8ba4673c",
              "parentUUID": "8dce0d7e-b4bf-4798-b787-705bd42b606a",
              "isHook": false,
              "skipped": false
            }
          ],
          "suites": [],
          "passes": [
            "6a9083b1-0cd9-4ee5-8fb8-179e8ba4673c"
          ],
          "failures": [],
          "pending": [],
          "skipped": [],
          "duration": 54074,
          "root": false,
          "rootEmpty": false,
          "_timeout": 2000
        }
      ],
      "passes": [],
      "failures": [],
      "pending": [],
      "skipped": [],
      "duration": 0,
      "root": true,
      "rootEmpty": true,
      "_timeout": 2000
    },
    {
      "uuid": "65e3c931-6a44-4383-b492-cea783e20b60",
      "title": "",
      "fullFile": "cypress\\integration\\AlbumFeatures(Artist).js",
      "file": "cypress\\integration\\AlbumFeatures(Artist).js",
      "beforeHooks": [],
      "afterHooks": [],
      "tests": [],
      "suites": [
        {
          "uuid": "d9348ebe-cdee-48a3-9c34-6d1e2012576c",
          "title": "Album Features",
          "fullFile": "",
          "file": "",
          "beforeHooks": [],
          "afterHooks": [],
          "tests": [
            {
              "title": "Add a new album",
              "fullTitle": "Album Features Add a new album",
              "timedOut": null,
              "duration": 47966,
              "state": "passed",
              "speed": "slow",
              "pass": true,
              "fail": false,
              "pending": false,
              "context": null,
              "code": "cy.log('steps: 1-Go to my artist accoung 2-Go to my albums 3-Add a new album 4-Assert it is added');\ncy.log('Expected Result:The created album is added');\nvar albumname = 'Anime';\ncy.contains(\"Go to Symphonia Artist\").click();\ncy.get('[href=\"/SymphoniaArtist/5e8137aa54660672fd699882/albums\"] > .v-list-item__icon > .v-icon').click();\ncy.get('.v-btn').click();\ncy.get('.v-text-field__slot').first().type(albumname);\ncy.get(':nth-child(5) > .v-input__control > .v-input__slot').type('No copy right, just do whatever you want i do not care');\nvar filename = 'meow.png'; //to upload for the cover photo\ncy.get('[type=\"file\"]').attachFile(filename);\ncy.get('.success--text > .v-btn__content').click();\ncy.wait(10000);\ncy.contains(albumname);\ncy.log('Actual Result:The created album is added');\ncy.log('SUCESS');",
              "err": {},
              "uuid": "7593b97b-158b-40f6-ab4d-b6445048d450",
              "parentUUID": "d9348ebe-cdee-48a3-9c34-6d1e2012576c",
              "isHook": false,
              "skipped": false
            },
            {
              "title": "Delete an Album",
              "fullTitle": "Album Features Delete an Album",
              "timedOut": null,
              "duration": 16816,
              "state": "passed",
              "speed": "slow",
              "pass": true,
              "fail": false,
              "pending": false,
              "context": null,
              "code": "cy.log('steps: 1-Go to my artist accoung 2-Go to my albums 3-Delete the previously created album 4-Assert it is Deleted');\ncy.log('Expected Result:The album is not there anymore');\nvar albumname = 'Anime';\ncy.contains(\"Go to Symphonia Artist\").click();\ncy.get('[href=\"/SymphoniaArtist/5e8137aa54660672fd699882/albums\"] > .v-list-item__icon > .v-icon').click();\ncy.contains(albumname).click();\ncy.get('[title=\"delete album\"] > .v-btn__content > .v-icon').click();\ncy.contains('Delete ' + albumname + '?');\ncy.get('.error--text').click();\ncy.contains(albumname).should('not.visible');\ncy.log('Actual Result:The album is not there anymore');\ncy.log('SUCESS');",
              "err": {},
              "uuid": "2bf98206-6f30-4938-a77a-f88534995ba1",
              "parentUUID": "d9348ebe-cdee-48a3-9c34-6d1e2012576c",
              "isHook": false,
              "skipped": false
            },
            {
              "title": "Edit an Album",
              "fullTitle": "Album Features Edit an Album",
              "timedOut": null,
              "duration": 24027,
              "state": "passed",
              "speed": "slow",
              "pass": true,
              "fail": false,
              "pending": false,
              "context": null,
              "code": "cy.log('steps: 1-Go to my artist accoung 2-Go to my albums 3-Edit the first album 4-Assert it is Edited');\ncy.log('Expected Result:The album name is changed');\nvar NewAlbumName = 'The Fast Rush';\ncy.contains(\"Go to Symphonia Artist\").click();\ncy.get('[href=\"/SymphoniaArtist/5e8137aa54660672fd699882/albums\"] > .v-list-item__icon > .v-icon').click();\ncy.get('.v-list-group__header > .v-list-item__content > .v-list-item__title').first().invoke('text').then(function (OldAlbumName) {\n  cy.get('.v-list-group__header').first().click();\n  cy.get('[title=\"edit album name\"]').click();\n  cy.get('.v-input__control').type(NewAlbumName);\n  cy.get('.success--text > .v-btn__content').click();\n  cy.contains(NewAlbumName).should('be.visible');\n  cy.log('Actual Result:The album name is changed');\n  cy.log('SUCESS'); /////now change it back\n  cy.get('.v-list-group__header').first().click();\n  cy.get('[title=\"edit album name\"]').click();\n  cy.get('.v-input__control').type(OldAlbumName);\n  cy.get('.success--text > .v-btn__content').click();\n  cy.contains(OldAlbumName).should('be.visible');\n  cy.log('Actual Result:The album name is changed');\n  cy.log('SUCESS');\n});",
              "err": {},
              "uuid": "3ce43877-c3dd-4443-9ee6-6a1c39c26578",
              "parentUUID": "d9348ebe-cdee-48a3-9c34-6d1e2012576c",
              "isHook": false,
              "skipped": false
            },
            {
              "title": "Visit an Album",
              "fullTitle": "Album Features Visit an Album",
              "timedOut": null,
              "duration": 10924,
              "state": "passed",
              "speed": "slow",
              "pass": true,
              "fail": false,
              "pending": false,
              "context": null,
              "code": "cy.log('steps: 1-Go to my artist accoung 2-Go to my albums 3-Visit the first album 4-Assert it is Visited');\ncy.log('Expected Result:The album is ready to be played');\ncy.contains(\"Go to Symphonia Artist\").click();\ncy.get('[href=\"/SymphoniaArtist/5e8137aa54660672fd699882/albums\"] > .v-list-item__icon > .v-icon').click();\ncy.get('.v-list-group__header > .v-list-item__content > .v-list-item__title').first().invoke('text').then(function (AlbumName) {\n  cy.get('.v-list-group__header').first().click();\n  cy.get('[title=\"visit album\"]').click();\n  cy.contains(AlbumName).should('exist');\n  cy.get('#playBtn').should('exist');\n  cy.log('Actual Result:The album is ready to be played');\n  cy.log('SUCESS');\n});",
              "err": {},
              "uuid": "48ed8073-17d2-4209-b3a6-c6b24fa78cea",
              "parentUUID": "d9348ebe-cdee-48a3-9c34-6d1e2012576c",
              "isHook": false,
              "skipped": false
            }
          ],
          "suites": [],
          "passes": [
            "7593b97b-158b-40f6-ab4d-b6445048d450",
            "2bf98206-6f30-4938-a77a-f88534995ba1",
            "3ce43877-c3dd-4443-9ee6-6a1c39c26578",
            "48ed8073-17d2-4209-b3a6-c6b24fa78cea"
          ],
          "failures": [],
          "pending": [],
          "skipped": [],
          "duration": 99733,
          "root": false,
          "rootEmpty": false,
          "_timeout": 2000
        }
      ],
      "passes": [],
      "failures": [],
      "pending": [],
      "skipped": [],
      "duration": 0,
      "root": true,
      "rootEmpty": true,
      "_timeout": 2000
    },
    {
      "uuid": "886bef92-c846-4122-be76-cb3bfa5f8fc8",
      "title": "",
      "fullFile": "cypress\\integration\\examples\\symph\\Change_password.spec.js",
      "file": "cypress\\integration\\examples\\symph\\Change_password.spec.js",
      "beforeHooks": [],
      "afterHooks": [],
      "tests": [],
      "suites": [
        {
          "uuid": "f6b48b69-7ffc-4c0e-b17c-c898248aac9a",
          "title": "Change password",
          "fullFile": "",
          "file": "",
          "beforeHooks": [],
          "afterHooks": [],
          "tests": [
            {
              "title": "Type blank current password",
              "fullTitle": "Change password Type blank current password",
              "timedOut": null,
              "duration": 34398,
              "state": "passed",
              "speed": "slow",
              "pass": true,
              "fail": false,
              "pending": false,
              "context": null,
              "code": "cy.get('input[id=\"pass\"]').clear().wait(1500).type('12345678');\ncy.get('input[id=\"confirm\"]').clear().wait(1500).type('12345678');\ncy.contains('save profile').click({\n  force: true\n});\ncy.wait(1500);\ncy.contains('Sorry,wrong password or old one');",
              "err": {},
              "uuid": "0eb12d95-6099-4975-812f-58bed457a13b",
              "parentUUID": "f6b48b69-7ffc-4c0e-b17c-c898248aac9a",
              "isHook": false,
              "skipped": false
            },
            {
              "title": "Type wrong current password",
              "fullTitle": "Change password Type wrong current password",
              "timedOut": null,
              "duration": 13229,
              "state": "passed",
              "speed": "slow",
              "pass": true,
              "fail": false,
              "pending": false,
              "context": null,
              "code": "cy.get('input[id=\"current\"]').clear().wait(1500).type('12345678');\ncy.get('input[id=\"pass\"]').clear().wait(1500).type('12345678');\ncy.get('input[id=\"confirm\"]').clear().wait(1500).type('12345678');\ncy.contains('save profile').click({\n  force: true\n});\ncy.wait(1500);\ncy.contains('Sorry,wrong password or old one');\ncy.wait(1500);",
              "err": {},
              "uuid": "33e612f7-1efe-4dae-8a0d-e83b764d8a5b",
              "parentUUID": "f6b48b69-7ffc-4c0e-b17c-c898248aac9a",
              "isHook": false,
              "skipped": false
            },
            {
              "title": "Donnot type new password",
              "fullTitle": "Change password Donnot type new password",
              "timedOut": null,
              "duration": 6819,
              "state": "passed",
              "speed": "slow",
              "pass": true,
              "fail": false,
              "pending": false,
              "context": null,
              "code": "cy.get('input[id=\"current\"]').clear().wait(1500).type('password');\ncy.contains('save profile').click({\n  force: true\n});\ncy.wait(1500);\ncy.contains('Enter a password to continue.');\ncy.contains('Please verify your password');",
              "err": {},
              "uuid": "dec85d0d-579c-4b0c-9443-dea4d617a92b",
              "parentUUID": "f6b48b69-7ffc-4c0e-b17c-c898248aac9a",
              "isHook": false,
              "skipped": false
            },
            {
              "title": "Verify with wrong password",
              "fullTitle": "Change password Verify with wrong password",
              "timedOut": null,
              "duration": 11496,
              "state": "passed",
              "speed": "slow",
              "pass": true,
              "fail": false,
              "pending": false,
              "context": null,
              "code": "cy.get('input[id=\"current\"]').clear().wait(1500).type('password');\ncy.get('input[id=\"pass\"]').clear().wait(1500).type('12345678');\ncy.get('input[id=\"confirm\"]').clear().wait(1500).type('012345678');\ncy.wait(1500);\ncy.contains('save profile').click({\n  force: true\n});\ncy.contains('Please verify your password');",
              "err": {},
              "uuid": "ac9547ef-b720-4222-8b2a-8150f5a5d5e7",
              "parentUUID": "f6b48b69-7ffc-4c0e-b17c-c898248aac9a",
              "isHook": false,
              "skipped": false
            },
            {
              "title": "Change password",
              "fullTitle": "Change password Change password",
              "timedOut": null,
              "duration": 17655,
              "state": "passed",
              "speed": "slow",
              "pass": true,
              "fail": false,
              "pending": false,
              "context": null,
              "code": "cy.get('input[id=\"current\"]').type('password');\ncy.get('input[id=\"pass\"]').type('yahoo789');\ncy.get('input[id=\"confirm\"]').type('yahoo789');\ncy.contains('save profile').click({\n  force: true\n});\ncy.contains('Password updated');\ncy.wait(1500);\ncy.contains('Profile').click();\ncy.contains(' Log Out').click();\ncy.wait(2000);\ncy.contains('Log in').click({\n  force: true\n});\ncy.wait(1500);\ncy.get('input[id=\"login-username\"]').type('test123@test.com');\ncy.get('input[id=\"login-password\"]').type('yahoo789');\ncy.get('button[id=\"login-button\"]').click();\ncy.wait(1500);\ncy.contains(' testt'); // assertion for logged in",
              "err": {},
              "uuid": "de566149-c83d-49a6-8792-00c492839413",
              "parentUUID": "f6b48b69-7ffc-4c0e-b17c-c898248aac9a",
              "isHook": false,
              "skipped": false
            }
          ],
          "suites": [],
          "passes": [
            "0eb12d95-6099-4975-812f-58bed457a13b",
            "33e612f7-1efe-4dae-8a0d-e83b764d8a5b",
            "dec85d0d-579c-4b0c-9443-dea4d617a92b",
            "ac9547ef-b720-4222-8b2a-8150f5a5d5e7",
            "de566149-c83d-49a6-8792-00c492839413"
          ],
          "failures": [],
          "pending": [],
          "skipped": [],
          "duration": 83597,
          "root": false,
          "rootEmpty": false,
          "_timeout": 2000
        }
      ],
      "passes": [],
      "failures": [],
      "pending": [],
      "skipped": [],
      "duration": 0,
      "root": true,
      "rootEmpty": true,
      "_timeout": 2000
    },
    {
      "uuid": "b503df14-6265-428d-a4a5-ddb264958cfa",
      "title": "",
      "fullFile": "cypress\\integration\\examples\\symph\\Create_delete_playlist.spec.js",
      "file": "cypress\\integration\\examples\\symph\\Create_delete_playlist.spec.js",
      "beforeHooks": [],
      "afterHooks": [],
      "tests": [],
      "suites": [
        {
          "uuid": "37b0c033-f97e-4d8c-8b8f-d8171456503d",
          "title": "Create/delete playlist",
          "fullFile": "",
          "file": "",
          "beforeHooks": [],
          "afterHooks": [],
          "tests": [
            {
              "title": "create playlist",
              "fullTitle": "Create/delete playlist create playlist",
              "timedOut": null,
              "duration": 33363,
              "state": "passed",
              "speed": "slow",
              "pass": true,
              "fail": false,
              "pending": false,
              "context": null,
              "code": "cy.contains('Create Playlist').click({\n  force: true\n});\ncy.get('input[id=\"playlistName\"]').type('music');\ncy.wait(1500);\ncy.get('button[id=\"create\"]').click({\n  force: true\n});\ncy.wait(1500);\ncy.visit('https://thesymphonia.ddns.net/webhome/collection/playlists');\ncy.wait(1500);\ncy.contains('music');",
              "err": {},
              "uuid": "baaf638a-da80-4a7f-ba7d-4228c48617fd",
              "parentUUID": "37b0c033-f97e-4d8c-8b8f-d8171456503d",
              "isHook": false,
              "skipped": false
            },
            {
              "title": "delete playlist",
              "fullTitle": "Create/delete playlist delete playlist",
              "timedOut": null,
              "duration": 16515,
              "state": "passed",
              "speed": "slow",
              "pass": true,
              "fail": false,
              "pending": false,
              "context": null,
              "code": "cy.visit('https://thesymphonia.ddns.net/webhome/collection/playlists');\ncy.wait(1500);\ncy.contains('music').click({\n  force: true\n});\ncy.wait(1500);\ncy.contains('Close').click({\n  force: true\n}); /// to close pop-up ads\ncy.wait(1500);\ncy.get('button[id=\"menuDots\"]').click({\n  force: true\n});\ncy.wait(1500);\ncy.contains('Delete').click({\n  force: true\n});\ncy.wait(1500);\ncy.get('button[id=\"deleted\"]').click({\n  force: true\n});\ncy.visit('https://thesymphonia.ddns.net/webhome/collection/playlists');\ncy.contains('music').should('not.exist');",
              "err": {},
              "uuid": "35b0c102-9022-438b-97c3-e2d11142e621",
              "parentUUID": "37b0c033-f97e-4d8c-8b8f-d8171456503d",
              "isHook": false,
              "skipped": false
            }
          ],
          "suites": [],
          "passes": [
            "baaf638a-da80-4a7f-ba7d-4228c48617fd",
            "35b0c102-9022-438b-97c3-e2d11142e621"
          ],
          "failures": [],
          "pending": [],
          "skipped": [],
          "duration": 49878,
          "root": false,
          "rootEmpty": false,
          "_timeout": 2000
        }
      ],
      "passes": [],
      "failures": [],
      "pending": [],
      "skipped": [],
      "duration": 0,
      "root": true,
      "rootEmpty": true,
      "_timeout": 2000
    },
    {
      "uuid": "cb521c28-0edb-4f27-9d96-fe337fd420ce",
      "title": "",
      "fullFile": "cypress\\integration\\examples\\symph\\Follow_unfollow_artist.spec.js",
      "file": "cypress\\integration\\examples\\symph\\Follow_unfollow_artist.spec.js",
      "beforeHooks": [],
      "afterHooks": [],
      "tests": [],
      "suites": [
        {
          "uuid": "7fcb8a6f-bbae-4d83-9b9e-d11a3a176f9a",
          "title": "Follow/unfollow Artist Test",
          "fullFile": "",
          "file": "",
          "beforeHooks": [],
          "afterHooks": [],
          "tests": [
            {
              "title": "Follow artist",
              "fullTitle": "Follow/unfollow Artist Test Follow artist",
              "timedOut": null,
              "duration": 41707,
              "state": "passed",
              "speed": "slow",
              "pass": true,
              "fail": false,
              "pending": false,
              "context": null,
              "code": "cy.get('button[class=\"mx-3 v-btn v-btn--depressed v-btn--flat v-btn--outlined v-btn--rounded theme--dark v-size--default success--text\"]').click();\ncy.wait(1500);\ncy.visit('https://thesymphonia.ddns.net/webhome/album/5e794163c01c024ecc3c31d3'); //play a song not by Tame Impala\ncy.wait(1500);\ncy.contains(' Play ').click({\n  force: true\n});\ncy.wait(3000);\ncy.contains(' Your Library ').click({\n  force: true\n});\ncy.wait(1500);\ncy.contains('Artists').click({\n  force: true\n});\ncy.contains('Tame Impala');",
              "err": {},
              "uuid": "a9b75b14-f230-4124-b3e4-e3d0b263adbb",
              "parentUUID": "7fcb8a6f-bbae-4d83-9b9e-d11a3a176f9a",
              "isHook": false,
              "skipped": false
            },
            {
              "title": "Unfollow artist",
              "fullTitle": "Follow/unfollow Artist Test Unfollow artist",
              "timedOut": null,
              "duration": 9183,
              "state": "passed",
              "speed": "slow",
              "pass": true,
              "fail": false,
              "pending": false,
              "context": null,
              "code": "cy.get('button[class=\"mx-3 v-btn v-btn--depressed v-btn--flat v-btn--outlined v-btn--rounded theme--dark v-size--default error--text\"]').click();\ncy.wait(1500);\ncy.contains(' Your Library ').click({\n  force: true\n});\ncy.contains('Artists').click({\n  force: true\n});\ncy.contains('Tame Impala').should('not.exist');",
              "err": {},
              "uuid": "a9bb3ef6-13e4-459d-9b51-ea1a603abf4d",
              "parentUUID": "7fcb8a6f-bbae-4d83-9b9e-d11a3a176f9a",
              "isHook": false,
              "skipped": false
            }
          ],
          "suites": [],
          "passes": [
            "a9b75b14-f230-4124-b3e4-e3d0b263adbb",
            "a9bb3ef6-13e4-459d-9b51-ea1a603abf4d"
          ],
          "failures": [],
          "pending": [],
          "skipped": [],
          "duration": 50890,
          "root": false,
          "rootEmpty": false,
          "_timeout": 2000
        }
      ],
      "passes": [],
      "failures": [],
      "pending": [],
      "skipped": [],
      "duration": 0,
      "root": true,
      "rootEmpty": true,
      "_timeout": 2000
    },
    {
      "uuid": "adcdb65d-d696-48b1-ba3c-983749e825a2",
      "title": "",
      "fullFile": "cypress\\integration\\examples\\symph\\Like_song.spec.js",
      "file": "cypress\\integration\\examples\\symph\\Like_song.spec.js",
      "beforeHooks": [],
      "afterHooks": [],
      "tests": [],
      "suites": [
        {
          "uuid": "0827e222-c365-481b-bc43-ee535a918481",
          "title": "Like/unlike a song Test",
          "fullFile": "",
          "file": "",
          "beforeHooks": [],
          "afterHooks": [],
          "tests": [
            {
              "title": "Like song",
              "fullTitle": "Like/unlike a song Test Like song",
              "timedOut": null,
              "duration": 31141,
              "state": "passed",
              "speed": "slow",
              "pass": true,
              "fail": false,
              "pending": false,
              "context": null,
              "code": "cy.contains('Blue Velvet').click({\n  force: true\n});\ncy.wait(1500);\ncy.contains(' Play ').click({\n  force: true\n});\ncy.wait(2000);\ncy.get('i[class=\"v-icon notranslate icons mdi mdi-heart-outline theme--light\"]').click({\n  force: true\n});\ncy.wait(1500);\ncy.contains(' Liked Songs ').click({\n  force: true\n});\ncy.wait(1500);\ncy.contains(' Blue Velvet ');\ncy.wait(1500);",
              "err": {},
              "uuid": "cecccc07-8fa0-449d-b81c-99f573eac2f7",
              "parentUUID": "0827e222-c365-481b-bc43-ee535a918481",
              "isHook": false,
              "skipped": false
            },
            {
              "title": "Unlike song",
              "fullTitle": "Like/unlike a song Test Unlike song",
              "timedOut": null,
              "duration": 16992,
              "state": "passed",
              "speed": "slow",
              "pass": true,
              "fail": false,
              "pending": false,
              "context": null,
              "code": "cy.get('i[class=\"v-icon notranslate icons mdi mdi-heart theme--light green--text\"]').click({\n  force: true\n});\ncy.wait(1500);\ncy.visit('https://thesymphonia.ddns.net/webhome/album/5e701fdf2672a63a60573a06'); //cy.contains('The Slow Rush').click({force: true}) \ncy.wait(1500);\ncy.contains(' Play ').click({\n  force: true\n});\ncy.wait(2000);\ncy.visit('https://thesymphonia.ddns.net/webhome/collection/tracks');\ncy.wait(1500);\ncy.contains(' Blue Velvet ').should('not.exist');\ncy.wait(1500);",
              "err": {},
              "uuid": "434f446c-3176-4293-90d6-561e49c88da6",
              "parentUUID": "0827e222-c365-481b-bc43-ee535a918481",
              "isHook": false,
              "skipped": false
            }
          ],
          "suites": [],
          "passes": [
            "cecccc07-8fa0-449d-b81c-99f573eac2f7",
            "434f446c-3176-4293-90d6-561e49c88da6"
          ],
          "failures": [],
          "pending": [],
          "skipped": [],
          "duration": 48133,
          "root": false,
          "rootEmpty": false,
          "_timeout": 2000
        }
      ],
      "passes": [],
      "failures": [],
      "pending": [],
      "skipped": [],
      "duration": 0,
      "root": true,
      "rootEmpty": true,
      "_timeout": 2000
    },
    {
      "uuid": "007655be-4b2a-431f-b982-99fd5a51ad28",
      "title": "",
      "fullFile": "cypress\\integration\\MusicPlayer.js",
      "file": "cypress\\integration\\MusicPlayer.js",
      "beforeHooks": [],
      "afterHooks": [],
      "tests": [],
      "suites": [
        {
          "uuid": "1384f8a4-a8d8-4ead-aec4-9422ea9d3f2a",
          "title": "Music Player Features",
          "fullFile": "",
          "file": "",
          "beforeHooks": [],
          "afterHooks": [],
          "tests": [
            {
              "title": "play a song",
              "fullTitle": "Music Player Features play a song",
              "timedOut": null,
              "duration": 20726,
              "state": "passed",
              "speed": "slow",
              "pass": true,
              "fail": false,
              "pending": false,
              "context": null,
              "code": "cy.log('steps: 1-open a random song 2-press the play button 3- asserting that the first song in the album is indeed the song playing');\ncy.log('Expected Result:the first song in the album is playing');\ncy.get('#playBtn').click();\ncy.wait(5000);\ncy.get('#playPause').click(); //cy.get(\".song-name\").should('have.text',\" Borderline \") backup assertion\ncy.get('.v-list-item__title.draweritem.playing').first().invoke('text').then(function (text1) {\n  cy.get('.song-name').invoke('text').should(function (text2) {\n    expect(text1).to.have.string(text2);\n  });\n});\ncy.log('Actual Result:the first song in the album is playing');\ncy.log('SUCESS');",
              "err": {},
              "uuid": "81cb24f7-f413-4324-93d1-bb2c6584d6e7",
              "parentUUID": "1384f8a4-a8d8-4ead-aec4-9422ea9d3f2a",
              "isHook": false,
              "skipped": false
            },
            {
              "title": "Play and Pause",
              "fullTitle": "Music Player Features Play and Pause",
              "timedOut": null,
              "duration": 12111,
              "state": "passed",
              "speed": "slow",
              "pass": true,
              "fail": false,
              "pending": false,
              "context": null,
              "code": "cy.log('steps: 1-open a random song 2-press the play button 4-press the pause button 3- asserting that the song is not playing anymore');\ncy.log('Expected Result:the song is not playing');\ncy.wait(2000);\ncy.get('#playPause').click();\ncy.wait(1000);\ncy.get('#playPause').click();\nexpectPlayingAudio(); //asserting that the song is not playing\ncy.log('Actual Result:the song is not playing');\ncy.log('SUCESS');",
              "err": {},
              "uuid": "dbc69c17-bbe6-4457-be81-cf114e3a3fb0",
              "parentUUID": "1384f8a4-a8d8-4ead-aec4-9422ea9d3f2a",
              "isHook": false,
              "skipped": false
            },
            {
              "title": "Next and Previous Button",
              "fullTitle": "Music Player Features Next and Previous Button",
              "timedOut": null,
              "duration": 50551,
              "state": "passed",
              "speed": "slow",
              "pass": true,
              "fail": false,
              "pending": false,
              "context": null,
              "code": "cy.log('steps: 1-open a random song 2-press the play button 4-press the next button 3- asserting the song changed');\ncy.log('Expected Result:the next song is playing');\ncy.wait(5000);\ncy.get('#playBtn').click();\ncy.get('.song-name').first().invoke('text').then(function (text1) {\n  cy.wait(5000);\n  cy.get('#next').click();\n  cy.wait(10000);\n  cy.get('.song-name').invoke('text').should(function (text2) {\n    expect(text1).not.to.have.string(text2);\n  });\n});\ncy.get('.v-list-item__title.draweritem.playing').first().invoke('text').then(function (text1) {\n  cy.get('.song-name').invoke('text').should(function (text2) {\n    expect(text1).to.have.string(text2);\n  });\n});\ncy.log('Actual Result:the next song is playing');\ncy.log('SUCESS'); ////////////////////////////////////////////////////\ncy.log('steps: 1-Press the previous button 2- asserting that the song is changed ');\ncy.log('Expected Result:the previous song is playing');\ncy.get('.song-name').first().invoke('text').then(function (text1) {\n  cy.wait(10000);\n  cy.get('#previous').click({\n    force: true\n  });\n  cy.wait(10000);\n  cy.get('.song-name').invoke('text').should(function (text2) {\n    expect(text1).not.to.have.string(text2);\n  });\n});\ncy.log('Actual Result:the previous song is changed playing');\ncy.log('SUCESS');",
              "err": {},
              "uuid": "86352ec1-7944-4021-8a88-98ff341421b9",
              "parentUUID": "1384f8a4-a8d8-4ead-aec4-9422ea9d3f2a",
              "isHook": false,
              "skipped": false
            }
          ],
          "suites": [],
          "passes": [
            "81cb24f7-f413-4324-93d1-bb2c6584d6e7",
            "dbc69c17-bbe6-4457-be81-cf114e3a3fb0",
            "86352ec1-7944-4021-8a88-98ff341421b9"
          ],
          "failures": [],
          "pending": [],
          "skipped": [],
          "duration": 83388,
          "root": false,
          "rootEmpty": false,
          "_timeout": 2000
        }
      ],
      "passes": [],
      "failures": [],
      "pending": [],
      "skipped": [],
      "duration": 0,
      "root": true,
      "rootEmpty": true,
      "_timeout": 2000
    },
    {
      "uuid": "631e39f5-0e9a-488a-aaf6-d50d4df8588c",
      "title": "",
      "fullFile": "cypress\\integration\\Queue.js",
      "file": "cypress\\integration\\Queue.js",
      "beforeHooks": [],
      "afterHooks": [],
      "tests": [],
      "suites": [
        {
          "uuid": "710d1298-e35c-419f-96a7-f6fbbc9cf24d",
          "title": "Queue features",
          "fullFile": "",
          "file": "",
          "beforeHooks": [],
          "afterHooks": [],
          "tests": [
            {
              "title": "Add Songs Of a Playlist to The Queue",
              "fullTitle": "Queue features Add Songs Of a Playlist to The Queue",
              "timedOut": null,
              "duration": 64744,
              "state": "passed",
              "speed": "slow",
              "pass": true,
              "fail": false,
              "pending": false,
              "context": null,
              "code": "cy.log('steps: 1-open a random playlist  2-Add all the songs int it to the queue 3-asserting');\ncy.log('Expected Result: All the songs are added successfully');\ncy.get('.col-lg-8 > .v-list > :nth-child(1)').children().its('length').then(function (NumberOfSongsInPlaylist) {\n  cy.get('#queue').click();\n  cy.wait(5000);\n  cy.get(':nth-child(3) > .col-sm-12 > .v-list').children().its('length').then(function (NumberOfSongsInQueue) {\n    expect(NumberOfSongsInPlaylist).to.eq(NumberOfSongsInQueue + 1); //the +1 is for the song that's currently playing\n  });\n  cy.log('Actual Result:The songs are added successfully');\n  cy.log('SUCESS');\n});",
              "err": {},
              "uuid": "4aeda70a-3208-4695-bb7a-728a41e7642a",
              "parentUUID": "710d1298-e35c-419f-96a7-f6fbbc9cf24d",
              "isHook": false,
              "skipped": false
            }
          ],
          "suites": [],
          "passes": [
            "4aeda70a-3208-4695-bb7a-728a41e7642a"
          ],
          "failures": [],
          "pending": [],
          "skipped": [],
          "duration": 64744,
          "root": false,
          "rootEmpty": false,
          "_timeout": 2000
        }
      ],
      "passes": [],
      "failures": [],
      "pending": [],
      "skipped": [],
      "duration": 0,
      "root": true,
      "rootEmpty": true,
      "_timeout": 2000
    },
    {
      "uuid": "3dfa8b64-2fa4-47f1-8303-049632ff2e44",
      "title": "",
      "fullFile": "cypress\\integration\\examples\\symph\\Search.spec.js",
      "file": "cypress\\integration\\examples\\symph\\Search.spec.js",
      "beforeHooks": [],
      "afterHooks": [],
      "tests": [],
      "suites": [
        {
          "uuid": "7d9ec321-1490-4eb9-9167-bea62b817a3b",
          "title": "Search Test",
          "fullFile": "",
          "file": "",
          "beforeHooks": [],
          "afterHooks": [],
          "tests": [
            {
              "title": "search for song",
              "fullTitle": "Search Test search for song",
              "timedOut": null,
              "duration": 41724,
              "state": "passed",
              "speed": "slow",
              "pass": true,
              "fail": false,
              "pending": false,
              "context": null,
              "code": "cy.visit('https://thesymphonia.ddns.net/webhome/album/5e701fdf2672a63a60573a06');\ncy.wait(1500);\ncy.contains(' Play ').click({\n  force: true\n});\ncy.visit('https://thesymphonia.ddns.net/webhome/search/radio');\ncy.get('input[id=\"input-38\"]').clear().wait(1500).type('radi'); ///search for radio by lana del rey\ncy.wait(2000);\ncy.contains(' Radio ');\ncy.contains(' Born To Die ');",
              "err": {},
              "uuid": "a81b0190-e15f-40a4-b5bf-0fe0122cea07",
              "parentUUID": "7d9ec321-1490-4eb9-9167-bea62b817a3b",
              "isHook": false,
              "skipped": false
            },
            {
              "title": "search for artist",
              "fullTitle": "Search Test search for artist",
              "timedOut": null,
              "duration": 12046,
              "state": "passed",
              "speed": "slow",
              "pass": true,
              "fail": false,
              "pending": false,
              "context": null,
              "code": "cy.visit('https://thesymphonia.ddns.net/webhome/search/radio');\ncy.wait(1000);\ncy.get('input[id=\"input-38\"]').clear().wait(1500).type('lana'); ///search for by lana del rey\ncy.wait(2000);\ncy.contains('Lana Del Rey');",
              "err": {},
              "uuid": "f5397013-be3b-4121-803c-0451cf0a02e4",
              "parentUUID": "7d9ec321-1490-4eb9-9167-bea62b817a3b",
              "isHook": false,
              "skipped": false
            }
          ],
          "suites": [],
          "passes": [
            "a81b0190-e15f-40a4-b5bf-0fe0122cea07",
            "f5397013-be3b-4121-803c-0451cf0a02e4"
          ],
          "failures": [],
          "pending": [],
          "skipped": [],
          "duration": 53770,
          "root": false,
          "rootEmpty": false,
          "_timeout": 2000
        }
      ],
      "passes": [],
      "failures": [],
      "pending": [],
      "skipped": [],
      "duration": 0,
      "root": true,
      "rootEmpty": true,
      "_timeout": 2000
    },
    {
      "uuid": "3119c6e7-e05a-4366-ad47-8cd0a8ea36e6",
      "title": "",
      "fullFile": "cypress\\integration\\examples\\symph\\Show_Ads.spec.js",
      "file": "cypress\\integration\\examples\\symph\\Show_Ads.spec.js",
      "beforeHooks": [],
      "afterHooks": [],
      "tests": [],
      "suites": [
        {
          "uuid": "5b6d6733-56d8-4f29-884d-9243dff8254d",
          "title": "Show Ads Test",
          "fullFile": "",
          "file": "",
          "beforeHooks": [],
          "afterHooks": [],
          "tests": [
            {
              "title": "Show ad",
              "fullTitle": "Show Ads Test Show ad",
              "timedOut": null,
              "duration": 18302,
              "state": "passed",
              "speed": "slow",
              "pass": true,
              "fail": false,
              "pending": false,
              "context": null,
              "code": "cy.visit('https://thesymphonia.ddns.net/');\ncy.contains('Log in').click({\n  force: true\n});\ncy.get('input[id=\"login-username\"]').type('testmail333@yahoo.com');\ncy.get('input[id=\"login-password\"]').type('yahoo789');\ncy.get('button[id=\"login-button\"]').click();\ncy.wait(1500);\ncy.contains('Young, Wild and Free').click({\n  force: true\n});\ncy.wait(1500);\ncy.contains('Get Premium'); // verify AD window popped up \ncy.contains('Close');",
              "err": {},
              "uuid": "2c2e10cf-0e0c-4d0b-88e2-9aee8ada82e7",
              "parentUUID": "5b6d6733-56d8-4f29-884d-9243dff8254d",
              "isHook": false,
              "skipped": false
            }
          ],
          "suites": [],
          "passes": [
            "2c2e10cf-0e0c-4d0b-88e2-9aee8ada82e7"
          ],
          "failures": [],
          "pending": [],
          "skipped": [],
          "duration": 18302,
          "root": false,
          "rootEmpty": false,
          "_timeout": 2000
        }
      ],
      "passes": [],
      "failures": [],
      "pending": [],
      "skipped": [],
      "duration": 0,
      "root": true,
      "rootEmpty": true,
      "_timeout": 2000
    },
    {
      "uuid": "5f817647-0044-43ca-a550-1614736d41d9",
      "title": "",
      "fullFile": "cypress\\integration\\StaticPages.js",
      "file": "cypress\\integration\\StaticPages.js",
      "beforeHooks": [],
      "afterHooks": [],
      "tests": [],
      "suites": [
        {
          "uuid": "5a8adb16-6b54-4e88-ab88-f11774d692e4",
          "title": "Static Pages (logged in)",
          "fullFile": "",
          "file": "",
          "beforeHooks": [],
          "afterHooks": [],
          "tests": [
            {
              "title": "The Home Page",
              "fullTitle": "Static Pages (logged in) The Home Page",
              "timedOut": null,
              "duration": 91100,
              "state": "passed",
              "speed": "slow",
              "pass": true,
              "fail": false,
              "pending": false,
              "context": null,
              "code": "cy.log('steps: 1-Go to The Home page 2-Assert it is complete');\ncy.log('Expected Result:The Home page is complete');\ncy.contains('Premium').should('be.visible');\ncy.contains('Help').should('be.visible');\ncy.contains('Download').should('be.visible');\ncy.contains('Go Premium. Be happy.');\ncy.log('Actual Result:The Home page is complete');\ncy.log('SUCCESS');",
              "err": {},
              "uuid": "e869755d-a35d-42f7-ac2c-2b65861e01f2",
              "parentUUID": "5a8adb16-6b54-4e88-ab88-f11774d692e4",
              "isHook": false,
              "skipped": false
            },
            {
              "title": "The Help Page",
              "fullTitle": "Static Pages (logged in) The Help Page",
              "timedOut": null,
              "duration": 45645,
              "state": "passed",
              "speed": "slow",
              "pass": true,
              "fail": false,
              "pending": false,
              "context": null,
              "code": "cy.log('The page was not deployed yet');",
              "err": {},
              "uuid": "9414538f-0906-4439-98b7-abaa56e4e6a6",
              "parentUUID": "5a8adb16-6b54-4e88-ab88-f11774d692e4",
              "isHook": false,
              "skipped": false
            },
            {
              "title": "The About Page",
              "fullTitle": "Static Pages (logged in) The About Page",
              "timedOut": null,
              "duration": 64254,
              "state": "failed",
              "speed": null,
              "pass": false,
              "fail": true,
              "pending": false,
              "context": null,
              "code": "cy.log('steps: 1-Go to The about page 2-Assert it is complete');\ncy.log('Expected Result:The About page is complete');\ncy.contains('Symphonia').click();\ncy.scrollTo('bottom');\ncy.contains('About').click({\n  force: true\n});\ncy.url().should('include', 'about');\ncy.contains('About US').should('exist');\ncy.scrollTo('center');\ncy.contains('Our Stuff').should('exist');\ncy.get('[href=\"#testing\"]').click();\ncy.wait(5000);\ncy.contains('Testing member').should('be.visible');\ncy.log('Actual Result:The Page does not show the clicked-on team');\ncy.log('Failed');",
              "err": {
                "message": "AssertionError: Timed out retrying: expected 'https://thesymphonia.ddns.net/' to include 'about'",
                "estack": "AssertionError: Timed out retrying: expected 'https://thesymphonia.ddns.net/' to include 'about'\n    at Context.eval (https://thesymphonia.ddns.net/__cypress/tests?p=cypress\\integration\\StaticPages.js:46:14)",
                "diff": null
              },
              "uuid": "677e5c0c-23ef-4290-afde-e2f48e42e817",
              "parentUUID": "5a8adb16-6b54-4e88-ab88-f11774d692e4",
              "isHook": false,
              "skipped": false
            },
            {
              "title": "The Premium Page",
              "fullTitle": "Static Pages (logged in) The Premium Page",
              "timedOut": null,
              "duration": 60924,
              "state": "passed",
              "speed": "slow",
              "pass": true,
              "fail": false,
              "pending": false,
              "context": null,
              "code": "cy.log('steps: 1-Go to The Premium page 2-Assert it is complete');\ncy.log('Expected Result:The premium page is complete');\ncy.contains('Premium').click({\n  force: true\n});\ncy.url().should('include', 'premium');\ncy.get('.download-button-large').should('be.visible');\ncy.get('.col-sm-10 > .download-button-large').first().should('be.visible');\ncy.log('Actual Result:The premium page is complete ');\ncy.log('SUCCESS');",
              "err": {},
              "uuid": "47edf52e-8872-4d56-b87d-99279061b837",
              "parentUUID": "5a8adb16-6b54-4e88-ab88-f11774d692e4",
              "isHook": false,
              "skipped": false
            },
            {
              "title": "The non-existing page",
              "fullTitle": "Static Pages (logged in) The non-existing page",
              "timedOut": null,
              "duration": 43191,
              "state": "passed",
              "speed": "slow",
              "pass": true,
              "fail": false,
              "pending": false,
              "context": null,
              "code": "cy.log('steps: 1-Go to unvalid path 2-Assert it is complete');\ncy.log('Expected Result: Complete');\ncy.visit('/anything');\ncy.get('strong').should('exist');\ncy.log('Actual Result: Complete');\ncy.log('SUCCESS');",
              "err": {},
              "uuid": "6053e548-4b1e-4c8e-892a-e3b4a195317e",
              "parentUUID": "5a8adb16-6b54-4e88-ab88-f11774d692e4",
              "isHook": false,
              "skipped": false
            }
          ],
          "suites": [],
          "passes": [
            "e869755d-a35d-42f7-ac2c-2b65861e01f2",
            "9414538f-0906-4439-98b7-abaa56e4e6a6",
            "47edf52e-8872-4d56-b87d-99279061b837",
            "6053e548-4b1e-4c8e-892a-e3b4a195317e"
          ],
          "failures": [
            "677e5c0c-23ef-4290-afde-e2f48e42e817"
          ],
          "pending": [],
          "skipped": [],
          "duration": 305114,
          "root": false,
          "rootEmpty": false,
          "_timeout": 2000
        },
        {
          "uuid": "4e53304d-8aad-4181-b082-7ddcecd7262e",
          "title": "Static Pages (Not logged in)",
          "fullFile": "",
          "file": "",
          "beforeHooks": [],
          "afterHooks": [],
          "tests": [
            {
              "title": "The Home Page",
              "fullTitle": "Static Pages (Not logged in) The Home Page",
              "timedOut": null,
              "duration": 9105,
              "state": "passed",
              "speed": "slow",
              "pass": true,
              "fail": false,
              "pending": false,
              "context": null,
              "code": "cy.log('steps: 1-Go to The Home page 2-Assert it is complete');\ncy.log('Expected Result:The Home page is complete');\ncy.contains('Premium').should('be.visible');\ncy.contains('Help').should('be.visible');\ncy.contains('Download').should('be.visible');\ncy.contains('Sign up').should('be.visible');\ncy.contains('Log in').should('be.visible');\ncy.log('Actual Result:The Home page is complete');\ncy.log('SUCCESS');",
              "err": {},
              "uuid": "980ef993-3f39-462c-9215-db3a67fdc375",
              "parentUUID": "4e53304d-8aad-4181-b082-7ddcecd7262e",
              "isHook": false,
              "skipped": false
            },
            {
              "title": "The Help Page",
              "fullTitle": "Static Pages (Not logged in) The Help Page",
              "timedOut": null,
              "duration": 7016,
              "state": "passed",
              "speed": "slow",
              "pass": true,
              "fail": false,
              "pending": false,
              "context": null,
              "code": "cy.log('The page was not deployed yet');",
              "err": {},
              "uuid": "e556b586-6f9b-4199-80a4-138811b30860",
              "parentUUID": "4e53304d-8aad-4181-b082-7ddcecd7262e",
              "isHook": false,
              "skipped": false
            },
            {
              "title": "The About Page",
              "fullTitle": "Static Pages (Not logged in) The About Page",
              "timedOut": null,
              "duration": 28475,
              "state": "failed",
              "speed": null,
              "pass": false,
              "fail": true,
              "pending": false,
              "context": null,
              "code": "cy.log('steps: 1-Go to The about page 2-Assert it is complete');\ncy.log('Expected Result:The About page is complete');\ncy.contains('Symphonia').click();\ncy.scrollTo('bottom');\ncy.contains('About').click({\n  force: true\n});\ncy.url().should('include', 'about');\ncy.contains('About US').should('exist');\ncy.scrollTo('center');\ncy.contains('Our Stuff').should('exist');\ncy.get('[href=\"#testing\"]').click();\ncy.wait(5000);\ncy.contains('Testing member').should('be.visible');\ncy.log('Actual Result:The Page does not show the clicked-on team');\ncy.log('Failed');",
              "err": {
                "message": "AssertionError: Timed out retrying: Expected to find content: 'Testing member' but never did.",
                "estack": "AssertionError: Timed out retrying: Expected to find content: 'Testing member' but never did.\n    at Context.eval (https://thesymphonia.ddns.net/__cypress/tests?p=cypress\\integration\\StaticPages.js:112:35)",
                "diff": null
              },
              "uuid": "28fa8b09-5a85-45f9-9f1b-d5de61515f57",
              "parentUUID": "4e53304d-8aad-4181-b082-7ddcecd7262e",
              "isHook": false,
              "skipped": false
            },
            {
              "title": "The Premium Page",
              "fullTitle": "Static Pages (Not logged in) The Premium Page",
              "timedOut": null,
              "duration": 17681,
              "state": "failed",
              "speed": null,
              "pass": false,
              "fail": true,
              "pending": false,
              "context": null,
              "code": "cy.log('steps: 1-Go to The Premium page 2-Assert it is complete');\ncy.log('Expected Result:The premium page is complete and the page redirects me to the log in page to continue the process');\ncy.contains('Premium').click({\n  force: true\n});\ncy.url().should('include', 'premium');\ncy.get('.download-button-large').should('be.visible');\ncy.get('.col-sm-10 > .download-button-large').first().click();\ncy.wait(2000);\ncy.url().should('include', 'login');\ncy.log('Actual Result:The premium page is complete but nothing happens when clicking the get to premium button ');\ncy.log('Failed');",
              "err": {
                "message": "AssertionError: Timed out retrying: expected 'https://thesymphonia.ddns.net/premium' to include 'login'",
                "estack": "AssertionError: Timed out retrying: expected 'https://thesymphonia.ddns.net/premium' to include 'login'\n    at Context.eval (https://thesymphonia.ddns.net/__cypress/tests?p=cypress\\integration\\StaticPages.js:126:14)",
                "diff": null
              },
              "uuid": "21c1e7f5-df3d-46f8-af26-6564a89de7a5",
              "parentUUID": "4e53304d-8aad-4181-b082-7ddcecd7262e",
              "isHook": false,
              "skipped": false
            }
          ],
          "suites": [],
          "passes": [
            "980ef993-3f39-462c-9215-db3a67fdc375",
            "e556b586-6f9b-4199-80a4-138811b30860"
          ],
          "failures": [
            "28fa8b09-5a85-45f9-9f1b-d5de61515f57",
            "21c1e7f5-df3d-46f8-af26-6564a89de7a5"
          ],
          "pending": [],
          "skipped": [],
          "duration": 62277,
          "root": false,
          "rootEmpty": false,
          "_timeout": 2000
        }
      ],
      "passes": [],
      "failures": [],
      "pending": [],
      "skipped": [],
      "duration": 0,
      "root": true,
      "rootEmpty": true,
      "_timeout": 2000
    }
  ],
  "meta": {
    "mocha": {
      "version": "6.2.3"
    },
    "mochawesome": {
      "options": {
        "quiet": false,
        "reportFilename": "report",
        "saveHtml": false,
        "saveJson": true,
        "consoleReporter": "spec",
        "useInlineDiffs": false,
        "code": true
      },
      "version": "5.0.0"
    },
    "marge": {
      "options": {
        "charts": true,
        "html": false,
        "json": true,
        "overwrite": false,
        "reportDir": "cypress/reports",
        "reportFilename": "report"
      },
      "version": "4.1.0"
    }
  }
}