<?xml version="1.0" encoding="UTF-8"?>
<!-- Generated by org.testng.reporters.JUnitXMLReporter -->
<testsuite hostname="DESKTOP-C0NTFRP" ignored="3" name="Main Search Listener" tests="4" failures="1" timestamp="2020-03-17T23:36:20 EET" time="71.079" errors="0">
  <testcase name="ReachSearchInterface" time="8.1" classname="tests.ListenerSearchAlbum"/>
  <testcase name="SearchForExistingAlbum" time="6.19" classname="tests.ListenerSearchAlbum"/>
  <testcase name="SearchForNonExistingAlbum" time="9.076" classname="tests.ListenerSearchAlbum"/>
  <testcase name="ReachSearchInterface" time="2.011" classname="tests.ListenerSearchArtist">
    <failure type="java.lang.NullPointerException">
      <![CDATA[java.lang.NullPointerException
at tests.ListenerSearchArtist.ReachSearchInterface(ListenerSearchArtist.java:25)
at java.util.ArrayList.forEach(Unknown Source)
... Removed 27 stack frames]]>
    </failure>
  </testcase> <!-- ReachSearchInterface -->
  <testcase name="@AfterTest teardown" time="0.0" classname="tests.BaseClass">
    <ignored/>
  </testcase> <!-- @AfterTest teardown -->
  <testcase name="@BeforeTest logInListner" time="0.0" classname="tests.ListenerBaseLogin">
    <ignored/>
  </testcase> <!-- @BeforeTest logInListner -->
  <testcase name="@BeforeTest setup" time="0.0" classname="tests.BaseClass">
    <ignored/>
  </testcase> <!-- @BeforeTest setup -->
</testsuite> <!-- Main Search Listener -->
