{
  "stats": {
    "suites": 1,
    "tests": 2,
    "passes": 2,
    "pending": 0,
    "failures": 0,
    "start": "2020-06-11T17:21:59.617Z",
    "end": "2020-06-11T17:22:49.722Z",
    "duration": 50105,
    "testsRegistered": 2,
    "passPercent": 100,
    "pendingPercent": 0,
    "other": 0,
    "hasOther": false,
    "skipped": 0,
    "hasSkipped": false
  },
  "results": [
    {
      "uuid": "b503df14-6265-428d-a4a5-ddb264958cfa",
      "title": "",
      "fullFile": "cypress\\integration\\examples\\symph\\Create_delete_playlist.spec.js",
      "file": "cypress\\integration\\examples\\symph\\Create_delete_playlist.spec.js",
      "beforeHooks": [],
      "afterHooks": [],
      "tests": [],
      "suites": [
        {
          "uuid": "37b0c033-f97e-4d8c-8b8f-d8171456503d",
          "title": "Create/delete playlist",
          "fullFile": "",
          "file": "",
          "beforeHooks": [],
          "afterHooks": [],
          "tests": [
            {
              "title": "create playlist",
              "fullTitle": "Create/delete playlist create playlist",
              "timedOut": null,
              "duration": 33363,
              "state": "passed",
              "speed": "slow",
              "pass": true,
              "fail": false,
              "pending": false,
              "context": null,
              "code": "cy.contains('Create Playlist').click({\n  force: true\n});\ncy.get('input[id=\"playlistName\"]').type('music');\ncy.wait(1500);\ncy.get('button[id=\"create\"]').click({\n  force: true\n});\ncy.wait(1500);\ncy.visit('https://thesymphonia.ddns.net/webhome/collection/playlists');\ncy.wait(1500);\ncy.contains('music');",
              "err": {},
              "uuid": "baaf638a-da80-4a7f-ba7d-4228c48617fd",
              "parentUUID": "37b0c033-f97e-4d8c-8b8f-d8171456503d",
              "isHook": false,
              "skipped": false
            },
            {
              "title": "delete playlist",
              "fullTitle": "Create/delete playlist delete playlist",
              "timedOut": null,
              "duration": 16515,
              "state": "passed",
              "speed": "slow",
              "pass": true,
              "fail": false,
              "pending": false,
              "context": null,
              "code": "cy.visit('https://thesymphonia.ddns.net/webhome/collection/playlists');\ncy.wait(1500);\ncy.contains('music').click({\n  force: true\n});\ncy.wait(1500);\ncy.contains('Close').click({\n  force: true\n}); /// to close pop-up ads\ncy.wait(1500);\ncy.get('button[id=\"menuDots\"]').click({\n  force: true\n});\ncy.wait(1500);\ncy.contains('Delete').click({\n  force: true\n});\ncy.wait(1500);\ncy.get('button[id=\"deleted\"]').click({\n  force: true\n});\ncy.visit('https://thesymphonia.ddns.net/webhome/collection/playlists');\ncy.contains('music').should('not.exist');",
              "err": {},
              "uuid": "35b0c102-9022-438b-97c3-e2d11142e621",
              "parentUUID": "37b0c033-f97e-4d8c-8b8f-d8171456503d",
              "isHook": false,
              "skipped": false
            }
          ],
          "suites": [],
          "passes": [
            "baaf638a-da80-4a7f-ba7d-4228c48617fd",
            "35b0c102-9022-438b-97c3-e2d11142e621"
          ],
          "failures": [],
          "pending": [],
          "skipped": [],
          "duration": 49878,
          "root": false,
          "rootEmpty": false,
          "_timeout": 2000
        }
      ],
      "passes": [],
      "failures": [],
      "pending": [],
      "skipped": [],
      "duration": 0,
      "root": true,
      "rootEmpty": true,
      "_timeout": 2000
    }
  ],
  "meta": {
    "mocha": {
      "version": "6.2.3"
    },
    "mochawesome": {
      "options": {
        "quiet": false,
        "reportFilename": "report",
        "saveHtml": false,
        "saveJson": true,
        "consoleReporter": "spec",
        "useInlineDiffs": false,
        "code": true
      },
      "version": "5.0.0"
    },
    "marge": {
      "options": {
        "charts": true,
        "html": false,
        "json": true,
        "overwrite": false,
        "reportDir": "cypress/reports",
        "reportFilename": "report"
      },
      "version": "4.1.0"
    }
  }
}