{
  "stats": {
    "suites": 1,
    "tests": 2,
    "passes": 2,
    "pending": 0,
    "failures": 0,
    "start": "2020-06-11T17:27:26.294Z",
    "end": "2020-06-11T17:28:14.550Z",
    "duration": 48256,
    "testsRegistered": 2,
    "passPercent": 100,
    "pendingPercent": 0,
    "other": 0,
    "hasOther": false,
    "skipped": 0,
    "hasSkipped": false
  },
  "results": [
    {
      "uuid": "adcdb65d-d696-48b1-ba3c-983749e825a2",
      "title": "",
      "fullFile": "cypress\\integration\\examples\\symph\\Like_song.spec.js",
      "file": "cypress\\integration\\examples\\symph\\Like_song.spec.js",
      "beforeHooks": [],
      "afterHooks": [],
      "tests": [],
      "suites": [
        {
          "uuid": "0827e222-c365-481b-bc43-ee535a918481",
          "title": "Like/unlike a song Test",
          "fullFile": "",
          "file": "",
          "beforeHooks": [],
          "afterHooks": [],
          "tests": [
            {
              "title": "Like song",
              "fullTitle": "Like/unlike a song Test Like song",
              "timedOut": null,
              "duration": 31141,
              "state": "passed",
              "speed": "slow",
              "pass": true,
              "fail": false,
              "pending": false,
              "context": null,
              "code": "cy.contains('Blue Velvet').click({\n  force: true\n});\ncy.wait(1500);\ncy.contains(' Play ').click({\n  force: true\n});\ncy.wait(2000);\ncy.get('i[class=\"v-icon notranslate icons mdi mdi-heart-outline theme--light\"]').click({\n  force: true\n});\ncy.wait(1500);\ncy.contains(' Liked Songs ').click({\n  force: true\n});\ncy.wait(1500);\ncy.contains(' Blue Velvet ');\ncy.wait(1500);",
              "err": {},
              "uuid": "cecccc07-8fa0-449d-b81c-99f573eac2f7",
              "parentUUID": "0827e222-c365-481b-bc43-ee535a918481",
              "isHook": false,
              "skipped": false
            },
            {
              "title": "Unlike song",
              "fullTitle": "Like/unlike a song Test Unlike song",
              "timedOut": null,
              "duration": 16992,
              "state": "passed",
              "speed": "slow",
              "pass": true,
              "fail": false,
              "pending": false,
              "context": null,
              "code": "cy.get('i[class=\"v-icon notranslate icons mdi mdi-heart theme--light green--text\"]').click({\n  force: true\n});\ncy.wait(1500);\ncy.visit('https://thesymphonia.ddns.net/webhome/album/5e701fdf2672a63a60573a06'); //cy.contains('The Slow Rush').click({force: true}) \ncy.wait(1500);\ncy.contains(' Play ').click({\n  force: true\n});\ncy.wait(2000);\ncy.visit('https://thesymphonia.ddns.net/webhome/collection/tracks');\ncy.wait(1500);\ncy.contains(' Blue Velvet ').should('not.exist');\ncy.wait(1500);",
              "err": {},
              "uuid": "434f446c-3176-4293-90d6-561e49c88da6",
              "parentUUID": "0827e222-c365-481b-bc43-ee535a918481",
              "isHook": false,
              "skipped": false
            }
          ],
          "suites": [],
          "passes": [
            "cecccc07-8fa0-449d-b81c-99f573eac2f7",
            "434f446c-3176-4293-90d6-561e49c88da6"
          ],
          "failures": [],
          "pending": [],
          "skipped": [],
          "duration": 48133,
          "root": false,
          "rootEmpty": false,
          "_timeout": 2000
        }
      ],
      "passes": [],
      "failures": [],
      "pending": [],
      "skipped": [],
      "duration": 0,
      "root": true,
      "rootEmpty": true,
      "_timeout": 2000
    }
  ],
  "meta": {
    "mocha": {
      "version": "6.2.3"
    },
    "mochawesome": {
      "options": {
        "quiet": false,
        "reportFilename": "report",
        "saveHtml": false,
        "saveJson": true,
        "consoleReporter": "spec",
        "useInlineDiffs": false,
        "code": true
      },
      "version": "5.0.0"
    },
    "marge": {
      "options": {
        "charts": true,
        "html": false,
        "json": true,
        "overwrite": false,
        "reportDir": "cypress/reports",
        "reportFilename": "report"
      },
      "version": "4.1.0"
    }
  }
}