{
  "stats": {
    "suites": 1,
    "tests": 3,
    "passes": 3,
    "pending": 0,
    "failures": 0,
    "start": "2020-06-10T19:54:14.386Z",
    "end": "2020-06-10T19:55:38.073Z",
    "duration": 83687,
    "testsRegistered": 3,
    "passPercent": 100,
    "pendingPercent": 0,
    "other": 0,
    "hasOther": false,
    "skipped": 0,
    "hasSkipped": false
  },
  "results": [
    {
      "uuid": "007655be-4b2a-431f-b982-99fd5a51ad28",
      "title": "",
      "fullFile": "cypress\\integration\\MusicPlayer.js",
      "file": "cypress\\integration\\MusicPlayer.js",
      "beforeHooks": [],
      "afterHooks": [],
      "tests": [],
      "suites": [
        {
          "uuid": "1384f8a4-a8d8-4ead-aec4-9422ea9d3f2a",
          "title": "Music Player Features",
          "fullFile": "",
          "file": "",
          "beforeHooks": [],
          "afterHooks": [],
          "tests": [
            {
              "title": "play a song",
              "fullTitle": "Music Player Features play a song",
              "timedOut": null,
              "duration": 20726,
              "state": "passed",
              "speed": "slow",
              "pass": true,
              "fail": false,
              "pending": false,
              "context": null,
              "code": "cy.log('steps: 1-open a random song 2-press the play button 3- asserting that the first song in the album is indeed the song playing');\ncy.log('Expected Result:the first song in the album is playing');\ncy.get('#playBtn').click();\ncy.wait(5000);\ncy.get('#playPause').click(); //cy.get(\".song-name\").should('have.text',\" Borderline \") backup assertion\ncy.get('.v-list-item__title.draweritem.playing').first().invoke('text').then(function (text1) {\n  cy.get('.song-name').invoke('text').should(function (text2) {\n    expect(text1).to.have.string(text2);\n  });\n});\ncy.log('Actual Result:the first song in the album is playing');\ncy.log('SUCESS');",
              "err": {},
              "uuid": "81cb24f7-f413-4324-93d1-bb2c6584d6e7",
              "parentUUID": "1384f8a4-a8d8-4ead-aec4-9422ea9d3f2a",
              "isHook": false,
              "skipped": false
            },
            {
              "title": "Play and Pause",
              "fullTitle": "Music Player Features Play and Pause",
              "timedOut": null,
              "duration": 12111,
              "state": "passed",
              "speed": "slow",
              "pass": true,
              "fail": false,
              "pending": false,
              "context": null,
              "code": "cy.log('steps: 1-open a random song 2-press the play button 4-press the pause button 3- asserting that the song is not playing anymore');\ncy.log('Expected Result:the song is not playing');\ncy.wait(2000);\ncy.get('#playPause').click();\ncy.wait(1000);\ncy.get('#playPause').click();\nexpectPlayingAudio(); //asserting that the song is not playing\ncy.log('Actual Result:the song is not playing');\ncy.log('SUCESS');",
              "err": {},
              "uuid": "dbc69c17-bbe6-4457-be81-cf114e3a3fb0",
              "parentUUID": "1384f8a4-a8d8-4ead-aec4-9422ea9d3f2a",
              "isHook": false,
              "skipped": false
            },
            {
              "title": "Next and Previous Button",
              "fullTitle": "Music Player Features Next and Previous Button",
              "timedOut": null,
              "duration": 50551,
              "state": "passed",
              "speed": "slow",
              "pass": true,
              "fail": false,
              "pending": false,
              "context": null,
              "code": "cy.log('steps: 1-open a random song 2-press the play button 4-press the next button 3- asserting the song changed');\ncy.log('Expected Result:the next song is playing');\ncy.wait(5000);\ncy.get('#playBtn').click();\ncy.get('.song-name').first().invoke('text').then(function (text1) {\n  cy.wait(5000);\n  cy.get('#next').click();\n  cy.wait(10000);\n  cy.get('.song-name').invoke('text').should(function (text2) {\n    expect(text1).not.to.have.string(text2);\n  });\n});\ncy.get('.v-list-item__title.draweritem.playing').first().invoke('text').then(function (text1) {\n  cy.get('.song-name').invoke('text').should(function (text2) {\n    expect(text1).to.have.string(text2);\n  });\n});\ncy.log('Actual Result:the next song is playing');\ncy.log('SUCESS'); ////////////////////////////////////////////////////\ncy.log('steps: 1-Press the previous button 2- asserting that the song is changed ');\ncy.log('Expected Result:the previous song is playing');\ncy.get('.song-name').first().invoke('text').then(function (text1) {\n  cy.wait(10000);\n  cy.get('#previous').click({\n    force: true\n  });\n  cy.wait(10000);\n  cy.get('.song-name').invoke('text').should(function (text2) {\n    expect(text1).not.to.have.string(text2);\n  });\n});\ncy.log('Actual Result:the previous song is changed playing');\ncy.log('SUCESS');",
              "err": {},
              "uuid": "86352ec1-7944-4021-8a88-98ff341421b9",
              "parentUUID": "1384f8a4-a8d8-4ead-aec4-9422ea9d3f2a",
              "isHook": false,
              "skipped": false
            }
          ],
          "suites": [],
          "passes": [
            "81cb24f7-f413-4324-93d1-bb2c6584d6e7",
            "dbc69c17-bbe6-4457-be81-cf114e3a3fb0",
            "86352ec1-7944-4021-8a88-98ff341421b9"
          ],
          "failures": [],
          "pending": [],
          "skipped": [],
          "duration": 83388,
          "root": false,
          "rootEmpty": false,
          "_timeout": 2000
        }
      ],
      "passes": [],
      "failures": [],
      "pending": [],
      "skipped": [],
      "duration": 0,
      "root": true,
      "rootEmpty": true,
      "_timeout": 2000
    }
  ],
  "meta": {
    "mocha": {
      "version": "7.0.1"
    },
    "mochawesome": {
      "options": {
        "quiet": false,
        "reportFilename": "report",
        "saveHtml": false,
        "saveJson": true,
        "consoleReporter": "spec",
        "useInlineDiffs": false,
        "code": true
      },
      "version": "5.0.0"
    },
    "marge": {
      "options": {
        "charts": true,
        "html": false,
        "json": true,
        "overwrite": false,
        "reportDir": "cypress/reports",
        "reportFilename": "report"
      },
      "version": "4.1.0"
    }
  }
}