{
  "stats": {
    "suites": 1,
    "tests": 2,
    "passes": 2,
    "pending": 0,
    "failures": 0,
    "start": "2020-06-11T17:35:03.826Z",
    "end": "2020-06-11T17:35:57.962Z",
    "duration": 54136,
    "testsRegistered": 2,
    "passPercent": 100,
    "pendingPercent": 0,
    "other": 0,
    "hasOther": false,
    "skipped": 0,
    "hasSkipped": false
  },
  "results": [
    {
      "uuid": "3dfa8b64-2fa4-47f1-8303-049632ff2e44",
      "title": "",
      "fullFile": "cypress\\integration\\examples\\symph\\Search.spec.js",
      "file": "cypress\\integration\\examples\\symph\\Search.spec.js",
      "beforeHooks": [],
      "afterHooks": [],
      "tests": [],
      "suites": [
        {
          "uuid": "7d9ec321-1490-4eb9-9167-bea62b817a3b",
          "title": "Search Test",
          "fullFile": "",
          "file": "",
          "beforeHooks": [],
          "afterHooks": [],
          "tests": [
            {
              "title": "search for song",
              "fullTitle": "Search Test search for song",
              "timedOut": null,
              "duration": 41724,
              "state": "passed",
              "speed": "slow",
              "pass": true,
              "fail": false,
              "pending": false,
              "context": null,
              "code": "cy.visit('https://thesymphonia.ddns.net/webhome/album/5e701fdf2672a63a60573a06');\ncy.wait(1500);\ncy.contains(' Play ').click({\n  force: true\n});\ncy.visit('https://thesymphonia.ddns.net/webhome/search/radio');\ncy.get('input[id=\"input-38\"]').clear().wait(1500).type('radi'); ///search for radio by lana del rey\ncy.wait(2000);\ncy.contains(' Radio ');\ncy.contains(' Born To Die ');",
              "err": {},
              "uuid": "a81b0190-e15f-40a4-b5bf-0fe0122cea07",
              "parentUUID": "7d9ec321-1490-4eb9-9167-bea62b817a3b",
              "isHook": false,
              "skipped": false
            },
            {
              "title": "search for artist",
              "fullTitle": "Search Test search for artist",
              "timedOut": null,
              "duration": 12046,
              "state": "passed",
              "speed": "slow",
              "pass": true,
              "fail": false,
              "pending": false,
              "context": null,
              "code": "cy.visit('https://thesymphonia.ddns.net/webhome/search/radio');\ncy.wait(1000);\ncy.get('input[id=\"input-38\"]').clear().wait(1500).type('lana'); ///search for by lana del rey\ncy.wait(2000);\ncy.contains('Lana Del Rey');",
              "err": {},
              "uuid": "f5397013-be3b-4121-803c-0451cf0a02e4",
              "parentUUID": "7d9ec321-1490-4eb9-9167-bea62b817a3b",
              "isHook": false,
              "skipped": false
            }
          ],
          "suites": [],
          "passes": [
            "a81b0190-e15f-40a4-b5bf-0fe0122cea07",
            "f5397013-be3b-4121-803c-0451cf0a02e4"
          ],
          "failures": [],
          "pending": [],
          "skipped": [],
          "duration": 53770,
          "root": false,
          "rootEmpty": false,
          "_timeout": 2000
        }
      ],
      "passes": [],
      "failures": [],
      "pending": [],
      "skipped": [],
      "duration": 0,
      "root": true,
      "rootEmpty": true,
      "_timeout": 2000
    }
  ],
  "meta": {
    "mocha": {
      "version": "6.2.3"
    },
    "mochawesome": {
      "options": {
        "quiet": false,
        "reportFilename": "report",
        "saveHtml": false,
        "saveJson": true,
        "consoleReporter": "spec",
        "useInlineDiffs": false,
        "code": true
      },
      "version": "5.0.0"
    },
    "marge": {
      "options": {
        "charts": true,
        "html": false,
        "json": true,
        "overwrite": false,
        "reportDir": "cypress/reports",
        "reportFilename": "report"
      },
      "version": "4.1.0"
    }
  }
}