{
  "stats": {
    "suites": 1,
    "tests": 1,
    "passes": 1,
    "pending": 0,
    "failures": 0,
    "start": "2020-06-11T17:02:53.836Z",
    "end": "2020-06-11T17:03:12.262Z",
    "duration": 18426,
    "testsRegistered": 1,
    "passPercent": 100,
    "pendingPercent": 0,
    "other": 0,
    "hasOther": false,
    "skipped": 0,
    "hasSkipped": false
  },
  "results": [
    {
      "uuid": "3119c6e7-e05a-4366-ad47-8cd0a8ea36e6",
      "title": "",
      "fullFile": "cypress\\integration\\examples\\symph\\Show_Ads.spec.js",
      "file": "cypress\\integration\\examples\\symph\\Show_Ads.spec.js",
      "beforeHooks": [],
      "afterHooks": [],
      "tests": [],
      "suites": [
        {
          "uuid": "5b6d6733-56d8-4f29-884d-9243dff8254d",
          "title": "Show Ads Test",
          "fullFile": "",
          "file": "",
          "beforeHooks": [],
          "afterHooks": [],
          "tests": [
            {
              "title": "Show ad",
              "fullTitle": "Show Ads Test Show ad",
              "timedOut": null,
              "duration": 18302,
              "state": "passed",
              "speed": "slow",
              "pass": true,
              "fail": false,
              "pending": false,
              "context": null,
              "code": "cy.visit('https://thesymphonia.ddns.net/');\ncy.contains('Log in').click({\n  force: true\n});\ncy.get('input[id=\"login-username\"]').type('testmail333@yahoo.com');\ncy.get('input[id=\"login-password\"]').type('yahoo789');\ncy.get('button[id=\"login-button\"]').click();\ncy.wait(1500);\ncy.contains('Young, Wild and Free').click({\n  force: true\n});\ncy.wait(1500);\ncy.contains('Get Premium'); // verify AD window popped up \ncy.contains('Close');",
              "err": {},
              "uuid": "2c2e10cf-0e0c-4d0b-88e2-9aee8ada82e7",
              "parentUUID": "5b6d6733-56d8-4f29-884d-9243dff8254d",
              "isHook": false,
              "skipped": false
            }
          ],
          "suites": [],
          "passes": [
            "2c2e10cf-0e0c-4d0b-88e2-9aee8ada82e7"
          ],
          "failures": [],
          "pending": [],
          "skipped": [],
          "duration": 18302,
          "root": false,
          "rootEmpty": false,
          "_timeout": 2000
        }
      ],
      "passes": [],
      "failures": [],
      "pending": [],
      "skipped": [],
      "duration": 0,
      "root": true,
      "rootEmpty": true,
      "_timeout": 2000
    }
  ],
  "meta": {
    "mocha": {
      "version": "6.2.3"
    },
    "mochawesome": {
      "options": {
        "quiet": false,
        "reportFilename": "report",
        "saveHtml": false,
        "saveJson": true,
        "consoleReporter": "spec",
        "useInlineDiffs": false,
        "code": true
      },
      "version": "5.0.0"
    },
    "marge": {
      "options": {
        "charts": true,
        "html": false,
        "json": true,
        "overwrite": false,
        "reportDir": "cypress/reports",
        "reportFilename": "report"
      },
      "version": "4.1.0"
    }
  }
}