{
  "stats": {
    "suites": 2,
    "tests": 9,
    "passes": 6,
    "pending": 0,
    "failures": 3,
    "start": "2020-06-11T12:36:22.005Z",
    "end": "2020-06-11T12:42:31.591Z",
    "duration": 369586,
    "testsRegistered": 9,
    "passPercent": 66.66666666666666,
    "pendingPercent": 0,
    "other": 0,
    "hasOther": false,
    "skipped": 0,
    "hasSkipped": false
  },
  "results": [
    {
      "uuid": "5f817647-0044-43ca-a550-1614736d41d9",
      "title": "",
      "fullFile": "cypress\\integration\\StaticPages.js",
      "file": "cypress\\integration\\StaticPages.js",
      "beforeHooks": [],
      "afterHooks": [],
      "tests": [],
      "suites": [
        {
          "uuid": "5a8adb16-6b54-4e88-ab88-f11774d692e4",
          "title": "Static Pages (logged in)",
          "fullFile": "",
          "file": "",
          "beforeHooks": [],
          "afterHooks": [],
          "tests": [
            {
              "title": "The Home Page",
              "fullTitle": "Static Pages (logged in) The Home Page",
              "timedOut": null,
              "duration": 91100,
              "state": "passed",
              "speed": "slow",
              "pass": true,
              "fail": false,
              "pending": false,
              "context": null,
              "code": "cy.log('steps: 1-Go to The Home page 2-Assert it is complete');\ncy.log('Expected Result:The Home page is complete');\ncy.contains('Premium').should('be.visible');\ncy.contains('Help').should('be.visible');\ncy.contains('Download').should('be.visible');\ncy.contains('Go Premium. Be happy.');\ncy.log('Actual Result:The Home page is complete');\ncy.log('SUCCESS');",
              "err": {},
              "uuid": "e869755d-a35d-42f7-ac2c-2b65861e01f2",
              "parentUUID": "5a8adb16-6b54-4e88-ab88-f11774d692e4",
              "isHook": false,
              "skipped": false
            },
            {
              "title": "The Help Page",
              "fullTitle": "Static Pages (logged in) The Help Page",
              "timedOut": null,
              "duration": 45645,
              "state": "passed",
              "speed": "slow",
              "pass": true,
              "fail": false,
              "pending": false,
              "context": null,
              "code": "cy.log('The page was not deployed yet');",
              "err": {},
              "uuid": "9414538f-0906-4439-98b7-abaa56e4e6a6",
              "parentUUID": "5a8adb16-6b54-4e88-ab88-f11774d692e4",
              "isHook": false,
              "skipped": false
            },
            {
              "title": "The About Page",
              "fullTitle": "Static Pages (logged in) The About Page",
              "timedOut": null,
              "duration": 64254,
              "state": "failed",
              "speed": null,
              "pass": false,
              "fail": true,
              "pending": false,
              "context": null,
              "code": "cy.log('steps: 1-Go to The about page 2-Assert it is complete');\ncy.log('Expected Result:The About page is complete');\ncy.contains('Symphonia').click();\ncy.scrollTo('bottom');\ncy.contains('About').click({\n  force: true\n});\ncy.url().should('include', 'about');\ncy.contains('About US').should('exist');\ncy.scrollTo('center');\ncy.contains('Our Stuff').should('exist');\ncy.get('[href=\"#testing\"]').click();\ncy.wait(5000);\ncy.contains('Testing member').should('be.visible');\ncy.log('Actual Result:The Page does not show the clicked-on team');\ncy.log('Failed');",
              "err": {
                "message": "AssertionError: Timed out retrying: expected 'https://thesymphonia.ddns.net/' to include 'about'",
                "estack": "AssertionError: Timed out retrying: expected 'https://thesymphonia.ddns.net/' to include 'about'\n    at Context.eval (https://thesymphonia.ddns.net/__cypress/tests?p=cypress\\integration\\StaticPages.js:46:14)",
                "diff": null
              },
              "uuid": "677e5c0c-23ef-4290-afde-e2f48e42e817",
              "parentUUID": "5a8adb16-6b54-4e88-ab88-f11774d692e4",
              "isHook": false,
              "skipped": false
            },
            {
              "title": "The Premium Page",
              "fullTitle": "Static Pages (logged in) The Premium Page",
              "timedOut": null,
              "duration": 60924,
              "state": "passed",
              "speed": "slow",
              "pass": true,
              "fail": false,
              "pending": false,
              "context": null,
              "code": "cy.log('steps: 1-Go to The Premium page 2-Assert it is complete');\ncy.log('Expected Result:The premium page is complete');\ncy.contains('Premium').click({\n  force: true\n});\ncy.url().should('include', 'premium');\ncy.get('.download-button-large').should('be.visible');\ncy.get('.col-sm-10 > .download-button-large').first().should('be.visible');\ncy.log('Actual Result:The premium page is complete ');\ncy.log('SUCCESS');",
              "err": {},
              "uuid": "47edf52e-8872-4d56-b87d-99279061b837",
              "parentUUID": "5a8adb16-6b54-4e88-ab88-f11774d692e4",
              "isHook": false,
              "skipped": false
            },
            {
              "title": "The non-existing page",
              "fullTitle": "Static Pages (logged in) The non-existing page",
              "timedOut": null,
              "duration": 43191,
              "state": "passed",
              "speed": "slow",
              "pass": true,
              "fail": false,
              "pending": false,
              "context": null,
              "code": "cy.log('steps: 1-Go to unvalid path 2-Assert it is complete');\ncy.log('Expected Result: Complete');\ncy.visit('/anything');\ncy.get('strong').should('exist');\ncy.log('Actual Result: Complete');\ncy.log('SUCCESS');",
              "err": {},
              "uuid": "6053e548-4b1e-4c8e-892a-e3b4a195317e",
              "parentUUID": "5a8adb16-6b54-4e88-ab88-f11774d692e4",
              "isHook": false,
              "skipped": false
            }
          ],
          "suites": [],
          "passes": [
            "e869755d-a35d-42f7-ac2c-2b65861e01f2",
            "9414538f-0906-4439-98b7-abaa56e4e6a6",
            "47edf52e-8872-4d56-b87d-99279061b837",
            "6053e548-4b1e-4c8e-892a-e3b4a195317e"
          ],
          "failures": [
            "677e5c0c-23ef-4290-afde-e2f48e42e817"
          ],
          "pending": [],
          "skipped": [],
          "duration": 305114,
          "root": false,
          "rootEmpty": false,
          "_timeout": 2000
        },
        {
          "uuid": "4e53304d-8aad-4181-b082-7ddcecd7262e",
          "title": "Static Pages (Not logged in)",
          "fullFile": "",
          "file": "",
          "beforeHooks": [],
          "afterHooks": [],
          "tests": [
            {
              "title": "The Home Page",
              "fullTitle": "Static Pages (Not logged in) The Home Page",
              "timedOut": null,
              "duration": 9105,
              "state": "passed",
              "speed": "slow",
              "pass": true,
              "fail": false,
              "pending": false,
              "context": null,
              "code": "cy.log('steps: 1-Go to The Home page 2-Assert it is complete');\ncy.log('Expected Result:The Home page is complete');\ncy.contains('Premium').should('be.visible');\ncy.contains('Help').should('be.visible');\ncy.contains('Download').should('be.visible');\ncy.contains('Sign up').should('be.visible');\ncy.contains('Log in').should('be.visible');\ncy.log('Actual Result:The Home page is complete');\ncy.log('SUCCESS');",
              "err": {},
              "uuid": "980ef993-3f39-462c-9215-db3a67fdc375",
              "parentUUID": "4e53304d-8aad-4181-b082-7ddcecd7262e",
              "isHook": false,
              "skipped": false
            },
            {
              "title": "The Help Page",
              "fullTitle": "Static Pages (Not logged in) The Help Page",
              "timedOut": null,
              "duration": 7016,
              "state": "passed",
              "speed": "slow",
              "pass": true,
              "fail": false,
              "pending": false,
              "context": null,
              "code": "cy.log('The page was not deployed yet');",
              "err": {},
              "uuid": "e556b586-6f9b-4199-80a4-138811b30860",
              "parentUUID": "4e53304d-8aad-4181-b082-7ddcecd7262e",
              "isHook": false,
              "skipped": false
            },
            {
              "title": "The About Page",
              "fullTitle": "Static Pages (Not logged in) The About Page",
              "timedOut": null,
              "duration": 28475,
              "state": "failed",
              "speed": null,
              "pass": false,
              "fail": true,
              "pending": false,
              "context": null,
              "code": "cy.log('steps: 1-Go to The about page 2-Assert it is complete');\ncy.log('Expected Result:The About page is complete');\ncy.contains('Symphonia').click();\ncy.scrollTo('bottom');\ncy.contains('About').click({\n  force: true\n});\ncy.url().should('include', 'about');\ncy.contains('About US').should('exist');\ncy.scrollTo('center');\ncy.contains('Our Stuff').should('exist');\ncy.get('[href=\"#testing\"]').click();\ncy.wait(5000);\ncy.contains('Testing member').should('be.visible');\ncy.log('Actual Result:The Page does not show the clicked-on team');\ncy.log('Failed');",
              "err": {
                "message": "AssertionError: Timed out retrying: Expected to find content: 'Testing member' but never did.",
                "estack": "AssertionError: Timed out retrying: Expected to find content: 'Testing member' but never did.\n    at Context.eval (https://thesymphonia.ddns.net/__cypress/tests?p=cypress\\integration\\StaticPages.js:112:35)",
                "diff": null
              },
              "uuid": "28fa8b09-5a85-45f9-9f1b-d5de61515f57",
              "parentUUID": "4e53304d-8aad-4181-b082-7ddcecd7262e",
              "isHook": false,
              "skipped": false
            },
            {
              "title": "The Premium Page",
              "fullTitle": "Static Pages (Not logged in) The Premium Page",
              "timedOut": null,
              "duration": 17681,
              "state": "failed",
              "speed": null,
              "pass": false,
              "fail": true,
              "pending": false,
              "context": null,
              "code": "cy.log('steps: 1-Go to The Premium page 2-Assert it is complete');\ncy.log('Expected Result:The premium page is complete and the page redirects me to the log in page to continue the process');\ncy.contains('Premium').click({\n  force: true\n});\ncy.url().should('include', 'premium');\ncy.get('.download-button-large').should('be.visible');\ncy.get('.col-sm-10 > .download-button-large').first().click();\ncy.wait(2000);\ncy.url().should('include', 'login');\ncy.log('Actual Result:The premium page is complete but nothing happens when clicking the get to premium button ');\ncy.log('Failed');",
              "err": {
                "message": "AssertionError: Timed out retrying: expected 'https://thesymphonia.ddns.net/premium' to include 'login'",
                "estack": "AssertionError: Timed out retrying: expected 'https://thesymphonia.ddns.net/premium' to include 'login'\n    at Context.eval (https://thesymphonia.ddns.net/__cypress/tests?p=cypress\\integration\\StaticPages.js:126:14)",
                "diff": null
              },
              "uuid": "21c1e7f5-df3d-46f8-af26-6564a89de7a5",
              "parentUUID": "4e53304d-8aad-4181-b082-7ddcecd7262e",
              "isHook": false,
              "skipped": false
            }
          ],
          "suites": [],
          "passes": [
            "980ef993-3f39-462c-9215-db3a67fdc375",
            "e556b586-6f9b-4199-80a4-138811b30860"
          ],
          "failures": [
            "28fa8b09-5a85-45f9-9f1b-d5de61515f57",
            "21c1e7f5-df3d-46f8-af26-6564a89de7a5"
          ],
          "pending": [],
          "skipped": [],
          "duration": 62277,
          "root": false,
          "rootEmpty": false,
          "_timeout": 2000
        }
      ],
      "passes": [],
      "failures": [],
      "pending": [],
      "skipped": [],
      "duration": 0,
      "root": true,
      "rootEmpty": true,
      "_timeout": 2000
    }
  ],
  "meta": {
    "mocha": {
      "version": "7.0.1"
    },
    "mochawesome": {
      "options": {
        "quiet": false,
        "reportFilename": "report",
        "saveHtml": false,
        "saveJson": true,
        "consoleReporter": "spec",
        "useInlineDiffs": false,
        "code": true
      },
      "version": "5.0.0"
    },
    "marge": {
      "options": {
        "charts": true,
        "html": false,
        "json": true,
        "overwrite": false,
        "reportDir": "cypress/reports",
        "reportFilename": "report"
      },
      "version": "4.1.0"
    }
  }
}